<?xml version="1.0" encoding="UTF-8"?>
<!-- Generated by org.testng.reporters.JUnitReportReporter -->
<testsuite hostname="L7130100141" failures="0" tests="2" name="api.test.UserTests2" time="3.484" errors="0" timestamp="2024-01-21T20:11:20 IST" skipped="0">
  <testcase classname="api.test.UserTests2" name="testPostUser" time="2.315"/>
  <system-out/>
  <testcase classname="api.test.UserTests2" name="testReadUser" time="1.169"/>
  <system-out/>
</testsuite> <!-- api.test.UserTests2 -->
