<?xml version="1.0" encoding="UTF-8"?>
<!-- Generated by org.testng.reporters.JUnitReportReporter -->
<testsuite hostname="L7130100141" failures="0" tests="2" name="api.test.UserTests" time="4.209" errors="0" timestamp="2024-01-21T19:15:07 IST" skipped="0">
  <testcase classname="api.test.UserTests" name="testPostUser" time="2.631"/>
  <system-out/>
  <testcase classname="api.test.UserTests" name="testReadUser" time="1.578"/>
  <system-out/>
</testsuite> <!-- api.test.UserTests -->
