<?xml version="1.0" encoding="UTF-8"?>
<!-- Generated by org.testng.reporters.JUnitReportReporter -->
<testsuite hostname="L7130100141" failures="0" tests="6" name="api.test.DDTests" time="8.191" errors="0" timestamp="2024-01-20T19:57:07 IST" skipped="0">
  <testcase classname="api.test.DDTests" name="postUser" time="1.152"/>
  <system-out/>
  <testcase classname="api.test.DDTests" name="postUser" time="2.377"/>
  <system-out/>
  <testcase classname="api.test.DDTests" name="postUser" time="1.150"/>
  <system-out/>
  <testcase classname="api.test.DDTests" name="deleteUser" time="1.168"/>
  <system-out/>
  <testcase classname="api.test.DDTests" name="deleteUser" time="1.201"/>
  <system-out/>
  <testcase classname="api.test.DDTests" name="deleteUser" time="1.143"/>
  <system-out/>
</testsuite> <!-- api.test.DDTests -->
